Build started 2017/09/02 16:12:52.
     1>Project "C:\Users\user\Documents\Visual Studio 2010\Projects\8章\list8.14\list8.14\list8.14.vcxproj" on node 2 (build target(s)).
     1>PrepareForBuild:
         Creating directory "C:\Users\user\Documents\Visual Studio 2010\Projects\8章\list8.14\Debug\".
       InitializeBuildStatus:
         Creating "Debug\list8.14.unsuccessfulbuild" because "AlwaysCreate" was specified.
       GenerateTargetFrameworkMonikerAttribute:
       Skipping target "GenerateTargetFrameworkMonikerAttribute" because all output files are up-to-date with respect to the input files.
       ClCompile:
         C:\Program Files (x86)\Microsoft Visual Studio 10.0\VC\bin\CL.exe /c /AI"C:\Program Files (x86)\Reference Assemblies\Microsoft\Framework\.NETFramework\v4.0" /Zi /clr /nologo /W3 /WX- /Od /Oy- /D WIN32 /D _DEBUG /D _UNICODE /D UNICODE /EHa /MDd /GS /fp:precise /Zc:wchar_t /Zc:forScope /Fo"Debug\\" /Fd"Debug\vc100.pdb" /TP /FU"C:\Program Files (x86)\Reference Assemblies\Microsoft\Framework\.NETFramework\v4.0\System.Core.dll" /analyze- /errorReport:prompt list8.14.cpp /clr:nostdlib 
         list8.14.cpp
         C:\Program Files (x86)\Microsoft Visual Studio 10.0\VC\bin\CL.exe /c /Zi /clr /nologo /W3 /WX- /Od /Oy- /D WIN32 /D _DEBUG /D _UNICODE /D UNICODE /EHa /MDd /GS /fp:precise /Zc:wchar_t /Zc:forScope /Fo"Debug\\" /Fd"Debug\vc100.pdb" /TP /analyze- /errorReport:prompt "C:\Users\user\AppData\Local\Temp\.NETFramework,Version=v4.0.AssemblyAttributes.cpp"
         .NETFramework,Version=v4.0.AssemblyAttributes.cpp
       Link:
         C:\Program Files (x86)\Microsoft Visual Studio 10.0\VC\bin\link.exe /ERRORREPORT:PROMPT /OUT:"C:\Users\user\Documents\Visual Studio 2010\Projects\8章\list8.14\Debug\list8.14.exe" /INCREMENTAL /NOLOGO /MANIFEST /ManifestFile:"Debug\list8.14.exe.intermediate.manifest" /MANIFESTUAC:"level='asInvoker' uiAccess='false'" /DEBUG /PDB:"C:\Users\user\Documents\Visual Studio 2010\Projects\8章\list8.14\Debug\list8.14.pdb" /ASSEMBLYDEBUG /TLBID:1 /DYNAMICBASE /FIXED:NO /NXCOMPAT /MACHINE:X86 Debug\list8.14.obj
         "Debug\.NETFramework,Version=v4.0.AssemblyAttributes.obj"
         list8.14.vcxproj -> C:\Users\user\Documents\Visual Studio 2010\Projects\8章\list8.14\Debug\list8.14.exe
       Manifest:
         C:\Program Files (x86)\Microsoft SDKs\Windows\v7.0A\bin\mt.exe /nologo /verbose /outputresource:"C:\Users\user\Documents\Visual Studio 2010\Projects\8章\list8.14\Debug\list8.14.exe;#1" /manifest Debug\list8.14.exe.intermediate.manifest
       FinalizeBuildStatus:
         Deleting file "Debug\list8.14.unsuccessfulbuild".
         Touching "Debug\list8.14.lastbuildstate".
     1>Done Building Project "C:\Users\user\Documents\Visual Studio 2010\Projects\8章\list8.14\list8.14\list8.14.vcxproj" (build target(s)).

Build succeeded.

Time Elapsed 00:00:01.60
