Build started 2017/09/04 3:27:42.
     1>Project "C:\Users\user\Documents\Visual Studio 2010\Projects\9章\list9.8\list9.8\list9.8.vcxproj" on node 2 (build target(s)).
     1>InitializeBuildStatus:
         Creating "Debug\list9.8.unsuccessfulbuild" because "AlwaysCreate" was specified.
       GenerateTargetFrameworkMonikerAttribute:
       Skipping target "GenerateTargetFrameworkMonikerAttribute" because all output files are up-to-date with respect to the input files.
       ClCompile:
         C:\Program Files (x86)\Microsoft Visual Studio 10.0\VC\bin\CL.exe /c /AI"C:\Program Files (x86)\Reference Assemblies\Microsoft\Framework\.NETFramework\v4.0" /Zi /clr /nologo /W3 /WX- /Od /Oy- /D WIN32 /D _DEBUG /D _UNICODE /D UNICODE /EHa /MDd /GS /fp:precise /Zc:wchar_t /Zc:forScope /Fo"Debug\\" /Fd"Debug\vc100.pdb" /TP /FU"C:\Program Files (x86)\Reference Assemblies\Microsoft\Framework\.NETFramework\v4.0\System.Core.dll" /analyze- /errorReport:prompt list9.8.cpp /clr:nostdlib 
         list9.8.cpp
     1>list9.8.cpp(8): warning C4996: 'fopen': This function or variable may be unsafe. Consider using fopen_s instead. To disable deprecation, use _CRT_SECURE_NO_WARNINGS. See online help for details.
                 C:\Program Files (x86)\Microsoft Visual Studio 10.0\VC\include\stdio.h(234) : see declaration of 'fopen'
         All outputs are up-to-date.
       Link:
         C:\Program Files (x86)\Microsoft Visual Studio 10.0\VC\bin\link.exe /ERRORREPORT:PROMPT /OUT:"C:\Users\user\Documents\Visual Studio 2010\Projects\9章\list9.8\Debug\list9.8.exe" /INCREMENTAL /NOLOGO /MANIFEST /ManifestFile:"Debug\list9.8.exe.intermediate.manifest" /MANIFESTUAC:"level='asInvoker' uiAccess='false'" /DEBUG /PDB:"C:\Users\user\Documents\Visual Studio 2010\Projects\9章\list9.8\Debug\list9.8.pdb" /ASSEMBLYDEBUG /TLBID:1 /DYNAMICBASE /FIXED:NO /NXCOMPAT /MACHINE:X86 Debug\list9.8.obj
         "Debug\.NETFramework,Version=v4.0.AssemblyAttributes.obj"
         list9.8.vcxproj -> C:\Users\user\Documents\Visual Studio 2010\Projects\9章\list9.8\Debug\list9.8.exe
       Manifest:
         C:\Program Files (x86)\Microsoft SDKs\Windows\v7.0A\bin\mt.exe /nologo /verbose /outputresource:"C:\Users\user\Documents\Visual Studio 2010\Projects\9章\list9.8\Debug\list9.8.exe;#1" /manifest Debug\list9.8.exe.intermediate.manifest
       FinalizeBuildStatus:
         Deleting file "Debug\list9.8.unsuccessfulbuild".
         Touching "Debug\list9.8.lastbuildstate".
     1>Done Building Project "C:\Users\user\Documents\Visual Studio 2010\Projects\9章\list9.8\list9.8\list9.8.vcxproj" (build target(s)).

Build succeeded.

Time Elapsed 00:00:01.26
