Build started 2017/08/29 3:54:46.
     1>Project "C:\Users\user\Documents\Visual Studio 2010\Projects\4章\list4.2\list4.2\list4.2.vcxproj" on node 2 (build target(s)).
     1>InitializeBuildStatus:
         Creating "Debug\list4.2.unsuccessfulbuild" because "AlwaysCreate" was specified.
       GenerateTargetFrameworkMonikerAttribute:
       Skipping target "GenerateTargetFrameworkMonikerAttribute" because all output files are up-to-date with respect to the input files.
       ClCompile:
         C:\Program Files (x86)\Microsoft Visual Studio 10.0\VC\bin\CL.exe /c /AI"C:\Program Files (x86)\Reference Assemblies\Microsoft\Framework\.NETFramework\v4.0" /Zi /clr /nologo /W3 /WX- /Od /Oy- /D WIN32 /D _DEBUG /D _UNICODE /D UNICODE /EHa /MDd /GS /fp:precise /Zc:wchar_t /Zc:forScope /Fo"Debug\\" /Fd"Debug\vc100.pdb" /TP /FU"C:\Program Files (x86)\Reference Assemblies\Microsoft\Framework\.NETFramework\v4.0\System.Core.dll" /analyze- /errorReport:prompt list4.2.cpp /clr:nostdlib 
         list4.2.cpp
     1>list4.2.cpp(10): warning C4996: 'scanf': This function or variable may be unsafe. Consider using scanf_s instead. To disable deprecation, use _CRT_SECURE_NO_WARNINGS. See online help for details.
                 C:\Program Files (x86)\Microsoft Visual Studio 10.0\VC\include\stdio.h(304) : see declaration of 'scanf'
         All outputs are up-to-date.
       Link:
         C:\Program Files (x86)\Microsoft Visual Studio 10.0\VC\bin\link.exe /ERRORREPORT:PROMPT /OUT:"C:\Users\user\Documents\Visual Studio 2010\Projects\4章\list4.2\Debug\list4.2.exe" /INCREMENTAL /NOLOGO /MANIFEST /ManifestFile:"Debug\list4.2.exe.intermediate.manifest" /MANIFESTUAC:"level='asInvoker' uiAccess='false'" /DEBUG /PDB:"C:\Users\user\Documents\Visual Studio 2010\Projects\4章\list4.2\Debug\list4.2.pdb" /ASSEMBLYDEBUG /TLBID:1 /DYNAMICBASE /FIXED:NO /NXCOMPAT /MACHINE:X86 Debug\list4.2.obj
         "Debug\.NETFramework,Version=v4.0.AssemblyAttributes.obj"
         list4.2.vcxproj -> C:\Users\user\Documents\Visual Studio 2010\Projects\4章\list4.2\Debug\list4.2.exe
       Manifest:
         C:\Program Files (x86)\Microsoft SDKs\Windows\v7.0A\bin\mt.exe /nologo /verbose /outputresource:"C:\Users\user\Documents\Visual Studio 2010\Projects\4章\list4.2\Debug\list4.2.exe;#1" /manifest Debug\list4.2.exe.intermediate.manifest
       FinalizeBuildStatus:
         Deleting file "Debug\list4.2.unsuccessfulbuild".
         Touching "Debug\list4.2.lastbuildstate".
     1>Done Building Project "C:\Users\user\Documents\Visual Studio 2010\Projects\4章\list4.2\list4.2\list4.2.vcxproj" (build target(s)).

Build succeeded.

Time Elapsed 00:00:00.95
