Build started 2017/08/29 1:02:23.
     1>Project "C:\Users\user\Documents\Visual Studio 2010\Projects\3章\list3.13\list3.13\list3.13.vcxproj" on node 2 (build target(s)).
     1>InitializeBuildStatus:
         Creating "Debug\list3.13.unsuccessfulbuild" because "AlwaysCreate" was specified.
       GenerateTargetFrameworkMonikerAttribute:
       Skipping target "GenerateTargetFrameworkMonikerAttribute" because all output files are up-to-date with respect to the input files.
       ClCompile:
         C:\Program Files (x86)\Microsoft Visual Studio 10.0\VC\bin\CL.exe /c /AI"C:\Program Files (x86)\Reference Assemblies\Microsoft\Framework\.NETFramework\v4.0" /Zi /clr /nologo /W3 /WX- /Od /Oy- /D WIN32 /D _DEBUG /D _UNICODE /D UNICODE /EHa /MDd /GS /fp:precise /Zc:wchar_t /Zc:forScope /Fo"Debug\\" /Fd"Debug\vc100.pdb" /TP /FU"C:\Program Files (x86)\Reference Assemblies\Microsoft\Framework\.NETFramework\v4.0\System.Core.dll" /FU"C:\Program Files (x86)\Reference Assemblies\Microsoft\Framework\.NETFramework\v4.0\System.Data.dll" /FU"C:\Program Files (x86)\Reference Assemblies\Microsoft\Framework\.NETFramework\v4.0\System.dll" /FU"C:\Program Files (x86)\Reference Assemblies\Microsoft\Framework\.NETFramework\v4.0\System.Drawing.dll" /FU"C:\Program Files (x86)\Reference Assemblies\Microsoft\Framework\.NETFramework\v4.0\System.Windows.Forms.dll" /FU"C:\Program Files (x86)\Reference Assemblies\Microsoft\Framework\.NETFramework\v4.0\System.Xml.dll" /analyze- /errorReport:prompt list3.13.cpp /clr:nostdlib 
         list3.13.cpp
     1>list3.13.cpp(8): warning C4244: '=' : conversion from 'int' to 'float', possible loss of data
         All outputs are up-to-date.
       Link:
         C:\Program Files (x86)\Microsoft Visual Studio 10.0\VC\bin\link.exe /ERRORREPORT:PROMPT /OUT:"C:\Users\user\Documents\Visual Studio 2010\Projects\3章\list3.13\Debug\list3.13.exe" /INCREMENTAL /NOLOGO /MANIFEST /ManifestFile:"Debug\list3.13.exe.intermediate.manifest" /MANIFESTUAC:"level='asInvoker' uiAccess='false'" /DEBUG /PDB:"C:\Users\user\Documents\Visual Studio 2010\Projects\3章\list3.13\Debug\list3.13.pdb" /ASSEMBLYDEBUG /TLBID:1 /DYNAMICBASE /FIXED:NO /NXCOMPAT /MACHINE:X86 Debug\list3.13.obj
         "Debug\.NETFramework,Version=v4.0.AssemblyAttributes.obj"
         list3.13.vcxproj -> C:\Users\user\Documents\Visual Studio 2010\Projects\3章\list3.13\Debug\list3.13.exe
       Manifest:
         C:\Program Files (x86)\Microsoft SDKs\Windows\v7.0A\bin\mt.exe /nologo /verbose /outputresource:"C:\Users\user\Documents\Visual Studio 2010\Projects\3章\list3.13\Debug\list3.13.exe;#1" /manifest Debug\list3.13.exe.intermediate.manifest
       FinalizeBuildStatus:
         Deleting file "Debug\list3.13.unsuccessfulbuild".
         Touching "Debug\list3.13.lastbuildstate".
     1>Done Building Project "C:\Users\user\Documents\Visual Studio 2010\Projects\3章\list3.13\list3.13\list3.13.vcxproj" (build target(s)).

Build succeeded.

Time Elapsed 00:00:00.96
