Build started 2017/08/24 6:11:39.
     1>Project "c:\Users\user\documents\visual studio 2010\Projects\saishonoprogram\saishonoprogram\saishonoprogram.vcxproj" on node 2 (build target(s)).
     1>InitializeBuildStatus:
         Creating "Debug\saishonoprogram.unsuccessfulbuild" because "AlwaysCreate" was specified.
       GenerateTargetFrameworkMonikerAttribute:
       Skipping target "GenerateTargetFrameworkMonikerAttribute" because all output files are up-to-date with respect to the input files.
       ClCompile:
         C:\Program Files (x86)\Microsoft Visual Studio 10.0\VC\bin\CL.exe /c /AI"C:\Program Files (x86)\Reference Assemblies\Microsoft\Framework\.NETFramework\v4.0" /Zi /clr /nologo /W3 /WX- /Od /Oy- /D WIN32 /D _DEBUG /D _UNICODE /D UNICODE /EHa /MDd /GS /fp:precise /Zc:wchar_t /Zc:forScope /Fo"Debug\\" /Fd"Debug\vc100.pdb" /TP /FU"C:\Program Files (x86)\Reference Assemblies\Microsoft\Framework\.NETFramework\v4.0\System.Core.dll" /analyze- /errorReport:prompt saishonoprogram.cpp /clr:nostdlib 
         saishonoprogram.cpp
         All outputs are up-to-date.
       Link:
         C:\Program Files (x86)\Microsoft Visual Studio 10.0\VC\bin\link.exe /ERRORREPORT:PROMPT /OUT:"c:\users\user\documents\visual studio 2010\Projects\saishonoprogram\Debug\saishonoprogram.exe" /INCREMENTAL /NOLOGO /MANIFEST /ManifestFile:"Debug\saishonoprogram.exe.intermediate.manifest" /MANIFESTUAC:"level='asInvoker' uiAccess='false'" /DEBUG /PDB:"c:\users\user\documents\visual studio 2010\Projects\saishonoprogram\Debug\saishonoprogram.pdb" /ASSEMBLYDEBUG /TLBID:1 /DYNAMICBASE /FIXED:NO /NXCOMPAT /MACHINE:X86 Debug\saishonoprogram.obj
         "Debug\.NETFramework,Version=v4.0.AssemblyAttributes.obj"
         saishonoprogram.vcxproj -> c:\users\user\documents\visual studio 2010\Projects\saishonoprogram\Debug\saishonoprogram.exe
       Manifest:
         C:\Program Files (x86)\Microsoft SDKs\Windows\v7.0A\bin\mt.exe /nologo /verbose /outputresource:"c:\users\user\documents\visual studio 2010\Projects\saishonoprogram\Debug\saishonoprogram.exe;#1" /manifest Debug\saishonoprogram.exe.intermediate.manifest
       FinalizeBuildStatus:
         Deleting file "Debug\saishonoprogram.unsuccessfulbuild".
         Touching "Debug\saishonoprogram.lastbuildstate".
     1>Done Building Project "c:\Users\user\documents\visual studio 2010\Projects\saishonoprogram\saishonoprogram\saishonoprogram.vcxproj" (build target(s)).

Build succeeded.

Time Elapsed 00:00:01.74
