Build started 2017/08/24 7:26:41.
     1>Project "C:\Users\user\Documents\Visual Studio 2010\Projects\2章\list2.6\list2.6\list2.6.vcxproj" on node 2 (build target(s)).
     1>InitializeBuildStatus:
         Creating "Debug\list2.6.unsuccessfulbuild" because "AlwaysCreate" was specified.
       GenerateTargetFrameworkMonikerAttribute:
       Skipping target "GenerateTargetFrameworkMonikerAttribute" because all output files are up-to-date with respect to the input files.
       ClCompile:
         C:\Program Files (x86)\Microsoft Visual Studio 10.0\VC\bin\CL.exe /c /AI"C:\Program Files (x86)\Reference Assemblies\Microsoft\Framework\.NETFramework\v4.0" /Zi /clr /nologo /W3 /WX- /Od /Oy- /D WIN32 /D _DEBUG /D _UNICODE /D UNICODE /EHa /MDd /GS /fp:precise /Zc:wchar_t /Zc:forScope /Fo"Debug\\" /Fd"Debug\vc100.pdb" /TP /FU"C:\Program Files (x86)\Reference Assemblies\Microsoft\Framework\.NETFramework\v4.0\System.Core.dll" /analyze- /errorReport:prompt list2.6.cpp /clr:nostdlib 
         list2.6.cpp
         All outputs are up-to-date.
       Link:
         C:\Program Files (x86)\Microsoft Visual Studio 10.0\VC\bin\link.exe /ERRORREPORT:PROMPT /OUT:"C:\Users\user\Documents\Visual Studio 2010\Projects\2章\list2.6\Debug\list2.6.exe" /INCREMENTAL /NOLOGO /MANIFEST /ManifestFile:"Debug\list2.6.exe.intermediate.manifest" /MANIFESTUAC:"level='asInvoker' uiAccess='false'" /DEBUG /PDB:"C:\Users\user\Documents\Visual Studio 2010\Projects\2章\list2.6\Debug\list2.6.pdb" /ASSEMBLYDEBUG /TLBID:1 /DYNAMICBASE /FIXED:NO /NXCOMPAT /MACHINE:X86 Debug\list2.6.obj
         "Debug\.NETFramework,Version=v4.0.AssemblyAttributes.obj"
         list2.6.vcxproj -> C:\Users\user\Documents\Visual Studio 2010\Projects\2章\list2.6\Debug\list2.6.exe
       Manifest:
         C:\Program Files (x86)\Microsoft SDKs\Windows\v7.0A\bin\mt.exe /nologo /verbose /outputresource:"C:\Users\user\Documents\Visual Studio 2010\Projects\2章\list2.6\Debug\list2.6.exe;#1" /manifest Debug\list2.6.exe.intermediate.manifest
       FinalizeBuildStatus:
         Deleting file "Debug\list2.6.unsuccessfulbuild".
         Touching "Debug\list2.6.lastbuildstate".
     1>Done Building Project "C:\Users\user\Documents\Visual Studio 2010\Projects\2章\list2.6\list2.6\list2.6.vcxproj" (build target(s)).

Build succeeded.

Time Elapsed 00:00:00.92
